0.080000 0.000000000
0.140000 0.000000000
0.184000 -0.000200000
0.240000 0.000200000
0.300000 -0.000200000
0.360000 -0.000200000
0.408000 0.000000000
0.468000 0.000000000
0.524000 0.000000000
0.588000 0.000400000
0.632000 0.000000000
0.688000 0.000200000
0.748000 0.000000000
0.808000 0.000200000
0.864000 0.000000000
0.924000 0.000200000
0.980000 0.000200000
1.028000 0.000200000
1.084000 -0.000200000
1.144000 0.000200000
1.208000 -0.000200000
1.252000 0.000200000
1.312000 -0.000200000
1.372000 -0.000200000
1.428000 0.000200000
1.476000 0.000000000
1.536000 -0.000200000
1.632000 0.000200000
1.680000 0.000200000
1.736000 0.000000000
1.796000 -0.000200000
1.856000 0.000000000
1.904000 0.000000000
1.960000 0.000000000
2.020000 0.000000000
2.084000 0.000000000
2.128000 0.000000000
2.184000 0.000000000
2.244000 -0.000200000
2.304000 -0.000200000
2.348000 0.000000000
2.420000 0.000200000
2.476000 0.000000000
2.524000 0.000000000
2.580000 0.000000000
2.640000 0.000000000
2.700000 0.000000000
2.752000 0.000000000
2.808000 0.000200000
2.868000 0.000400000
2.868000 0.000000000
2.808000 0.000200000
2.748000 -0.000200000
2.700000 -0.000400000
2.644000 -0.000200000
2.584000 -0.000200000
2.524000 -0.000200000
2.476000 0.000200000
2.420000 -0.000400000
2.348000 0.000000000
2.300000 -0.000200000
2.244000 -0.000200000
2.188000 0.000200000
2.124000 0.000200000
2.080000 0.000400000
2.024000 0.000000000
1.960000 0.000200000
1.904000 0.000200000
1.852000 -0.000200000
1.792000 -0.000200000
1.736000 -0.000400000
1.680000 0.000000000
1.628000 0.000200000
1.536000 -0.000200000
1.476000 0.000000000
1.432000 0.000000000
1.372000 0.000000000
1.312000 -0.000200000
1.256000 0.000000000
1.208000 0.000000000
1.148000 0.000000000
1.088000 0.000000000
1.028000 0.000000000
0.980000 0.000000000
0.924000 -0.000200000
0.864000 -0.000200000
0.808000 -0.000200000
0.748000 -0.000200000
0.692000 0.000000000
0.632000 0.000000000
0.584000 -0.000400000
0.524000 -0.000200000
0.468000 0.000200000
0.404000 0.000000000
0.360000 -0.000200000
0.300000 -0.000200000
0.240000 0.000200000
0.184000 0.000000000
0.136000 0.000200000
END
